


ARM Macro Assembler    Page 1 


    1 00000000                 AREA             RESET, DATA, READONLY
    2 00000000                 EXPORT           __Vectors
    3 00000000         __Vectors
    4 00000000 10000000        DCD              0x10000000
    5 00000004 00000000        DCD              Reset_Handler
    6 00000008                 ALIGN
    7 00000008                 AREA             mycode,CODE,READONLY
    8 00000000                 ENTRY
    9 00000000                 EXPORT           Reset_Handler
   10 00000000         Reset_Handler
   11 00000000 4816            ldr              r0,=src
   12 00000002 4917            ldr              r1,=dst
   13 00000004 F850 2B04       ldr              r2,[r0],#4
   14 00000008 6803            ldr              r3,[r0]
   15 0000000A F04F 0600       mov              r6,#0
   16 0000000E F04F 0A00       mov              r10,#0x0
   17 00000012 F04F 0A08       mov              r10,#08
   18 00000016         Loop
   19 00000016 F002 040F       and              r4,r2,#0x0f
   20 0000001A EA4F 1212       lsr              r2,r2,#0x04
   21 0000001E F003 050F       and              r5,r3,#0x0f
   22 00000022 EA4F 1313       lsr              r3,r3,#0x04
   23 00000026 4435            add              r5,r6
   24 00000028 EB04 0605       add              r6,r4,r5
   25 0000002C 2E09            cmp              r6,#09
   26 0000002E D901            bls              Skip
   27 00000030 F106 0606       add              r6,#06
   28 00000034         Skip
   29 00000034 F006 070F       and              r7,r6,#0x0f
   30 00000038 EA4F 1616       lsr              r6,#04
   31 0000003C EA49 0907       orr              r9,r7
   32 00000040 EA4F 1939       ror              r9,#4
   33 00000044 F1AA 0A01       sub              r10,#1
   34 00000048 F09A 0F00       teq              r10,#0
   35 0000004C D1E3            bne              Loop
   36 0000004E F8C1 9000       str              r9,[r1]
   37 00000052 00 00 00000910 
              00000088 src     dcd              0x910,0x88
   38 0000005C 00000000 
              00000000         AREA             DATASEG,DATA,READWRITE
   39 00000000 00000000 
                       dst     DCD              0
   40 00000004                 END
Command Line: --debug --xref --cpu=Cortex-M3 --apcs=interwork --depend=Q2.d -oQ
2.o -IC:\Keil\ARM\RV31\INC -IC:\Keil\ARM\CMSIS\Include -IC:\Keil\ARM\Inc\NXP\LP
C17xx --predefine="__EVAL SETA 1" --list=Q2.lst Q2.s



ARM Macro Assembler    Page 1 Alphabetic symbol ordering
Relocatable symbols

RESET 00000000

Symbol: RESET
   Definitions
      At line 1 in file Q2.s
   Uses
      None
Comment: RESET unused
__Vectors 00000000

Symbol: __Vectors
   Definitions
      At line 3 in file Q2.s
   Uses
      At line 2 in file Q2.s
Comment: __Vectors used once
2 symbols



ARM Macro Assembler    Page 1 Alphabetic symbol ordering
Relocatable symbols

Loop 00000016

Symbol: Loop
   Definitions
      At line 18 in file Q2.s
   Uses
      At line 35 in file Q2.s
Comment: Loop used once
Reset_Handler 00000000

Symbol: Reset_Handler
   Definitions
      At line 10 in file Q2.s
   Uses
      At line 5 in file Q2.s
      At line 9 in file Q2.s

Skip 00000034

Symbol: Skip
   Definitions
      At line 28 in file Q2.s
   Uses
      At line 26 in file Q2.s
Comment: Skip used once
mycode 00000000

Symbol: mycode
   Definitions
      At line 7 in file Q2.s
   Uses
      None
Comment: mycode unused
src 00000054

Symbol: src
   Definitions
      At line 37 in file Q2.s
   Uses
      At line 11 in file Q2.s
Comment: src used once
5 symbols



ARM Macro Assembler    Page 1 Alphabetic symbol ordering
Relocatable symbols

DATASEG 00000000

Symbol: DATASEG
   Definitions
      At line 38 in file Q2.s
   Uses
      None
Comment: DATASEG unused
dst 00000000

Symbol: dst
   Definitions
      At line 39 in file Q2.s
   Uses
      At line 12 in file Q2.s
Comment: dst used once
2 symbols
342 symbols in table
