


ARM Macro Assembler    Page 1 


    1 00000000                 AREA             RESET,DATA,READONLY
    2 00000000                 EXPORT           __Vectors
    3 00000000         __Vectors
    4 00000000 10000000        DCD              0x10000000
    5 00000004 00000000        DCD              Reset_Handler
    6 00000008                 ALIGN
    7 00000008                 AREA             mycode, CODE, READONLY
    8 00000000                 ENTRY
    9 00000000                 EXPORT           Reset_Handler
   10 00000000         Reset_Handler
   11 00000000 480A            LDR              R0,=SRC
   12 00000002 490B            LDR              R1,=SRC+0x4
   13 00000004 4A0B            LDR              R2,=DST
   14 00000006 6803            LDR              R3,[R0]
   15 00000008 680C            LDR              R4,[R1]
   16 0000000A 1B1D            SUBS             R5,R3,R4
   17 0000000C F842 5B04       STR              R5,[R2],#0x4
   18 00000010 F04F 0600       MOV              R6,#0
   19 00000014 F166 0600       SBC              R6,#0
   20 00000018 EA6F 0606       MVN              R6,R6
   21 0000001C F106 0601       ADD              R6,#0x1
   22 00000020 6016            STR              R6,[R2]
   23 00000022 E7FE    STOP    B                STOP
   24 00000024 00000004 
              00000003 SRC     DCD              0x4,0x3
   25 0000002C 00000000 
              00000004 
              00000000         AREA             mydata,DATA, READWRITE
   26 00000000 00000000 
                       DST     DCD              0
   27 00000004                 END
Command Line: --debug --xref --cpu=Cortex-M3 --apcs=interwork --depend=Q2.d -oQ
2.o -IC:\Keil\ARM\RV31\INC -IC:\Keil\ARM\CMSIS\Include -IC:\Keil\ARM\Inc\NXP\LP
C17xx --predefine="__EVAL SETA 1" --list=Q2.lst Q2.s



ARM Macro Assembler    Page 1 Alphabetic symbol ordering
Relocatable symbols

RESET 00000000

Symbol: RESET
   Definitions
      At line 1 in file Q2.s
   Uses
      None
Comment: RESET unused
__Vectors 00000000

Symbol: __Vectors
   Definitions
      At line 3 in file Q2.s
   Uses
      At line 2 in file Q2.s
Comment: __Vectors used once
2 symbols



ARM Macro Assembler    Page 1 Alphabetic symbol ordering
Relocatable symbols

Reset_Handler 00000000

Symbol: Reset_Handler
   Definitions
      At line 10 in file Q2.s
   Uses
      At line 5 in file Q2.s
      At line 9 in file Q2.s

SRC 00000024

Symbol: SRC
   Definitions
      At line 24 in file Q2.s
   Uses
      At line 11 in file Q2.s
      At line 12 in file Q2.s

STOP 00000022

Symbol: STOP
   Definitions
      At line 23 in file Q2.s
   Uses
      At line 23 in file Q2.s
Comment: STOP used once
mycode 00000000

Symbol: mycode
   Definitions
      At line 7 in file Q2.s
   Uses
      None
Comment: mycode unused
4 symbols



ARM Macro Assembler    Page 1 Alphabetic symbol ordering
Relocatable symbols

DST 00000000

Symbol: DST
   Definitions
      At line 26 in file Q2.s
   Uses
      At line 13 in file Q2.s
Comment: DST used once
mydata 00000000

Symbol: mydata
   Definitions
      At line 25 in file Q2.s
   Uses
      None
Comment: mydata unused
2 symbols
341 symbols in table
