


ARM Macro Assembler    Page 1 


    1 00000000                 AREA             RESET,DATA,READONLY
    2 00000000                 EXPORT           __Vectors
    3 00000000         __Vectors
    4 00000000 10000000        DCD              0x10000000
    5 00000004 00000000        DCD              Reset_Handler
    6 00000008                 ALIGN
    7 00000008                 AREA             mycode, CODE, READONLY
    8 00000000                 ENTRY
    9 00000000                 EXPORT           Reset_Handler
   10 00000000         Reset_Handler
   11 00000000 4818            LDR              R0,=SRC
   12 00000002 4919            LDR              R1,=SRC+16
   13 00000004 4A19            LDR              R2,=DST
   14 00000006 F04F 0504       MOV              R5,#04
   15 0000000A F04F 5300       LDR              R3,=0x20000000
   16 0000000E F383 8803       MSR              XPSR,R3
   17 00000012 F850 6B04 
                       LAB     LDR              R6,[R0],#4
   18 00000016 F851 7B04       LDR              R7,[R1],#4
   19 0000001A EB76 0807       SBCS             R8,R6,R7
   20 0000001E F842 8B04       STR              R8,[R2],#4
   21 00000022 F1A5 0501       SUB              R5,#01
   22 00000026 F095 0F00       TEQ              R5,#0
   23 0000002A D1F2            BNE              LAB
   24 0000002C F04F 0800       MOV              R8,#0
   25 00000030 F168 0800       SBC              R8,#0
   26 00000034 EA6F 0808       MVN              R8,R8
   27 00000038 F108 0801       ADD              R8,#1
   28 0000003C F8C2 8000       STR              R8,[R2]
   29 00000040 E7FE    STOP    B                STOP
   30 00000042 00 00 00000002 
              00000007 
              00000006 
              00000005 
              00000004 
              00000003 
              00000002 
              00000001 SRC     DCD              0X2,0X7,0X6,0X5,0X4,0X3,0X2,0X1
   31 00000064 00000000 
              00000010 
              00000000         AREA             mydata,DATA, READWRITE
   32 00000000 00000000 
                       DST     DCD              0
   33 00000004                 END
Command Line: --debug --xref --cpu=Cortex-M3 --apcs=interwork --depend=Q3.d -oQ
3.o -IC:\Keil\ARM\RV31\INC -IC:\Keil\ARM\CMSIS\Include -IC:\Keil\ARM\Inc\NXP\LP
C17xx --predefine="__EVAL SETA 1" --list=Q3.lst Q3.s



ARM Macro Assembler    Page 1 Alphabetic symbol ordering
Relocatable symbols

RESET 00000000

Symbol: RESET
   Definitions
      At line 1 in file Q3.s
   Uses
      None
Comment: RESET unused
__Vectors 00000000

Symbol: __Vectors
   Definitions
      At line 3 in file Q3.s
   Uses
      At line 2 in file Q3.s
Comment: __Vectors used once
2 symbols



ARM Macro Assembler    Page 1 Alphabetic symbol ordering
Relocatable symbols

LAB 00000012

Symbol: LAB
   Definitions
      At line 17 in file Q3.s
   Uses
      At line 23 in file Q3.s
Comment: LAB used once
Reset_Handler 00000000

Symbol: Reset_Handler
   Definitions
      At line 10 in file Q3.s
   Uses
      At line 5 in file Q3.s
      At line 9 in file Q3.s

SRC 00000044

Symbol: SRC
   Definitions
      At line 30 in file Q3.s
   Uses
      At line 11 in file Q3.s
      At line 12 in file Q3.s

STOP 00000040

Symbol: STOP
   Definitions
      At line 29 in file Q3.s
   Uses
      At line 29 in file Q3.s
Comment: STOP used once
mycode 00000000

Symbol: mycode
   Definitions
      At line 7 in file Q3.s
   Uses
      None
Comment: mycode unused
5 symbols



ARM Macro Assembler    Page 1 Alphabetic symbol ordering
Relocatable symbols

DST 00000000

Symbol: DST
   Definitions
      At line 32 in file Q3.s
   Uses
      At line 13 in file Q3.s
Comment: DST used once
mydata 00000000

Symbol: mydata
   Definitions
      At line 31 in file Q3.s
   Uses
      None
Comment: mydata unused
2 symbols
342 symbols in table
