


ARM Macro Assembler    Page 1 


    1 00000000                 AREA             RESET,DATA,READONLY
    2 00000000                 EXPORT           __Vectors
    3 00000000         __Vectors
    4 00000000 10000000        DCD              0x10000000
    5 00000004 00000000        DCD              Reset_Handler
    6 00000008                 ALIGN
    7 00000008                 AREA             mycode, CODE, READONLY
    8 00000000                 ENTRY
    9 00000000                 EXPORT           Reset_Handler
   10 00000000         Reset_Handler
   11 00000000 4808            LDR              R0,=SRC
   12 00000002 4909            LDR              R1,=SRC+(10-1)*4
   13 00000004 F04F 0505       MOV              R5,#5
   14 00000008 6802    LAB     LDR              R2,[R0]
   15 0000000A 680B            LDR              R3,[R1]
   16 0000000C 600A            STR              R2,[R1]
   17 0000000E 6003            STR              R3,[R0]
   18 00000010 F100 0004       ADD              R0,#4
   19 00000014 F1A1 0104       SUB              R1,#4
   20 00000018 F1A5 0501       SUB              R5,#1
   21 0000001C F095 0F00       TEQ              R5,#0
   22 00000020 D1F2            BNE              LAB
   23 00000022 E7FE    STOP    B                STOP
   24 00000024 00000000 
              00000024         AREA             mydata,DATA, READWRITE
   25 00000000 00000000 
              00000000 
              00000000 
              00000000 
              00000000 
              00000000 
              00000000 
              00000000 
              00000000 
              00000000 SRC     DCD              0,0,0,0,0,0,0,0,0,0
   26 00000028                 END
Command Line: --debug --xref --cpu=Cortex-M3 --apcs=interwork --depend=Q3.d -oQ
3.o -IC:\Keil\ARM\RV31\INC -IC:\Keil\ARM\CMSIS\Include -IC:\Keil\ARM\Inc\NXP\LP
C17xx --predefine="__EVAL SETA 1" --list=Q3.lst Q3.s



ARM Macro Assembler    Page 1 Alphabetic symbol ordering
Relocatable symbols

RESET 00000000

Symbol: RESET
   Definitions
      At line 1 in file Q3.s
   Uses
      None
Comment: RESET unused
__Vectors 00000000

Symbol: __Vectors
   Definitions
      At line 3 in file Q3.s
   Uses
      At line 2 in file Q3.s
Comment: __Vectors used once
2 symbols



ARM Macro Assembler    Page 1 Alphabetic symbol ordering
Relocatable symbols

LAB 00000008

Symbol: LAB
   Definitions
      At line 14 in file Q3.s
   Uses
      At line 22 in file Q3.s
Comment: LAB used once
Reset_Handler 00000000

Symbol: Reset_Handler
   Definitions
      At line 10 in file Q3.s
   Uses
      At line 5 in file Q3.s
      At line 9 in file Q3.s

STOP 00000022

Symbol: STOP
   Definitions
      At line 23 in file Q3.s
   Uses
      At line 23 in file Q3.s
Comment: STOP used once
mycode 00000000

Symbol: mycode
   Definitions
      At line 7 in file Q3.s
   Uses
      None
Comment: mycode unused
4 symbols



ARM Macro Assembler    Page 1 Alphabetic symbol ordering
Relocatable symbols

SRC 00000000

Symbol: SRC
   Definitions
      At line 25 in file Q3.s
   Uses
      At line 11 in file Q3.s
      At line 12 in file Q3.s

mydata 00000000

Symbol: mydata
   Definitions
      At line 24 in file Q3.s
   Uses
      None
Comment: mydata unused
2 symbols
341 symbols in table
