


ARM Macro Assembler    Page 1 


    1 00000000                 AREA             RESET,DATA,READONLY
    2 00000000                 EXPORT           __Vectors
    3 00000000         __Vectors
    4 00000000 10000000        DCD              0x10000000
    5 00000004 00000000        DCD              Reset_Handler
    6 00000008                 ALIGN
    7 00000008                 AREA             mycode, CODE, READONLY
    8 00000000                 ENTRY
    9 00000000                 EXPORT           Reset_Handler
   10 00000000         Reset_Handler
   11 00000000 4805            LDR              R0,=SRC
   12 00000002 4906            LDR              R1,=DST
   13 00000004 6802            LDR              R2,[R0]
   14 00000006 FB02 2302       MLA              R3,R2,R2,R2
   15 0000000A EA4F 0353       LSR              R3,#0X1
   16 0000000E 600B            STR              R3,[R1]
   17 00000010 E7FE    STOP    B                STOP
   18 00000012 00 00 00000005 
                       SRC     DCD              5
   19 00000018 00000000 
              00000000         AREA             mydata,DATA, READWRITE
   20 00000000 00000000 
                       DST     DCD              0
   21 00000004                 END
Command Line: --debug --xref --cpu=Cortex-M3 --apcs=interwork --depend=Q5.d -oQ
5.o -IC:\Keil\ARM\RV31\INC -IC:\Keil\ARM\CMSIS\Include -IC:\Keil\ARM\Inc\NXP\LP
C17xx --predefine="__EVAL SETA 1" --list=Q5.lst Q5.s



ARM Macro Assembler    Page 1 Alphabetic symbol ordering
Relocatable symbols

RESET 00000000

Symbol: RESET
   Definitions
      At line 1 in file Q5.s
   Uses
      None
Comment: RESET unused
__Vectors 00000000

Symbol: __Vectors
   Definitions
      At line 3 in file Q5.s
   Uses
      At line 2 in file Q5.s
Comment: __Vectors used once
2 symbols



ARM Macro Assembler    Page 1 Alphabetic symbol ordering
Relocatable symbols

Reset_Handler 00000000

Symbol: Reset_Handler
   Definitions
      At line 10 in file Q5.s
   Uses
      At line 5 in file Q5.s
      At line 9 in file Q5.s

SRC 00000014

Symbol: SRC
   Definitions
      At line 18 in file Q5.s
   Uses
      At line 11 in file Q5.s
Comment: SRC used once
STOP 00000010

Symbol: STOP
   Definitions
      At line 17 in file Q5.s
   Uses
      At line 17 in file Q5.s
Comment: STOP used once
mycode 00000000

Symbol: mycode
   Definitions
      At line 7 in file Q5.s
   Uses
      None
Comment: mycode unused
4 symbols



ARM Macro Assembler    Page 1 Alphabetic symbol ordering
Relocatable symbols

DST 00000000

Symbol: DST
   Definitions
      At line 20 in file Q5.s
   Uses
      At line 12 in file Q5.s
Comment: DST used once
mydata 00000000

Symbol: mydata
   Definitions
      At line 19 in file Q5.s
   Uses
      None
Comment: mydata unused
2 symbols
341 symbols in table
