


ARM Macro Assembler    Page 1 


    1 00000000                 AREA             RESET,DATA,READONLY
    2 00000000                 EXPORT           __Vectors
    3 00000000         __Vectors
    4 00000000 10000000        DCD              0x10000000
    5 00000004 00000000        DCD              Reset_Handler
    6 00000008                 ALIGN
    7 00000008                 AREA             mycode, CODE, READONLY
    8 00000000                 ENTRY
    9 00000000                 EXPORT           Reset_Handler
   10 00000000         Reset_Handler
   11 00000000 4807            LDR              R0,=SRC+(10-1)*4
   12 00000002 4908            LDR              R1,=SRC+(2*10-1-1)*4
   13 00000004 F04F 050A       MOV              R5,#10
   14 00000008 6803    LAB     LDR              R3,[R0]
   15 0000000A 600B            STR              R3,[R1]
   16 0000000C F1A0 0004       SUB              R0,#4
   17 00000010 F1A1 0104       SUB              R1,#4
   18 00000014 F1A5 0501       SUB              R5,#1
   19 00000018 F095 0F00       TEQ              R5,#0
   20 0000001C D1F4            BNE              LAB
   21 0000001E E7FE    STOP    B                STOP
   22 00000020 00000024 
              00000048         AREA             mydata,DATA, READWRITE
   23 00000000 00000000 
              00000000 
              00000000 
              00000000 
              00000000 
              00000000 
              00000000 
              00000000 
              00000000 
              00000000 SRC     DCD              0,0,0,0,0,0,0,0,0,0
   24 00000028 00000000 
                       DST     DCD              0
   25 0000002C                 END
Command Line: --debug --xref --cpu=Cortex-M3 --apcs=interwork --depend=Q2.d -oQ
2.o -IC:\Keil\ARM\RV31\INC -IC:\Keil\ARM\CMSIS\Include -IC:\Keil\ARM\Inc\NXP\LP
C17xx --predefine="__EVAL SETA 1" --list=Q2.lst Q2.s



ARM Macro Assembler    Page 1 Alphabetic symbol ordering
Relocatable symbols

RESET 00000000

Symbol: RESET
   Definitions
      At line 1 in file Q2.s
   Uses
      None
Comment: RESET unused
__Vectors 00000000

Symbol: __Vectors
   Definitions
      At line 3 in file Q2.s
   Uses
      At line 2 in file Q2.s
Comment: __Vectors used once
2 symbols



ARM Macro Assembler    Page 1 Alphabetic symbol ordering
Relocatable symbols

LAB 00000008

Symbol: LAB
   Definitions
      At line 14 in file Q2.s
   Uses
      At line 20 in file Q2.s
Comment: LAB used once
Reset_Handler 00000000

Symbol: Reset_Handler
   Definitions
      At line 10 in file Q2.s
   Uses
      At line 5 in file Q2.s
      At line 9 in file Q2.s

STOP 0000001E

Symbol: STOP
   Definitions
      At line 21 in file Q2.s
   Uses
      At line 21 in file Q2.s
Comment: STOP used once
mycode 00000000

Symbol: mycode
   Definitions
      At line 7 in file Q2.s
   Uses
      None
Comment: mycode unused
4 symbols



ARM Macro Assembler    Page 1 Alphabetic symbol ordering
Relocatable symbols

DST 00000028

Symbol: DST
   Definitions
      At line 24 in file Q2.s
   Uses
      None
Comment: DST unused
SRC 00000000

Symbol: SRC
   Definitions
      At line 23 in file Q2.s
   Uses
      At line 11 in file Q2.s
      At line 12 in file Q2.s

mydata 00000000

Symbol: mydata
   Definitions
      At line 22 in file Q2.s
   Uses
      None
Comment: mydata unused
3 symbols
342 symbols in table
